<?xml version="1.0" encoding="UTF-8"?>
<!-- Generated by org.testng.reporters.JUnitReportReporter -->
<testsuite hostname="Raashids-MacBook-Air.local" failures="0" tests="3" name="MavPack.ProjMav.Testing1" time="0.017" errors="0" timestamp="2023-08-17T10:26:43 EDT" skipped="0">
  <testcase classname="MavPack.ProjMav.Testing1" name="abc" time="0.003"/>
  <testcase classname="MavPack.ProjMav.Testing1" name="abc" time="0.010"/>
  <testcase classname="MavPack.ProjMav.Testing1" name="abc" time="0.004"/>
</testsuite> <!-- MavPack.ProjMav.Testing1 -->
