<?xml version="1.0" encoding="UTF-8"?>
<!-- Generated by org.testng.reporters.JUnitReportReporter -->
<testsuite hostname="Raashids-MacBook-Air.local" failures="0" tests="3" name="MavPack.ProjMav.Testing3" time="0.022" errors="0" timestamp="2023-08-17T10:26:43 EDT" skipped="0">
  <testcase classname="MavPack.ProjMav.Testing3" name="createUser" time="0.006"/>
  <testcase classname="MavPack.ProjMav.Testing3" name="editUser" time="0.005"/>
  <testcase classname="MavPack.ProjMav.Testing3" name="deleteUser" time="0.011"/>
</testsuite> <!-- MavPack.ProjMav.Testing3 -->
