<?xml version="1.0" encoding="UTF-8"?>
<!-- Generated by org.testng.reporters.JUnitReportReporter -->
<testsuite hostname="Raashids-MacBook-Air.local" failures="0" tests="2" name="MavPack.ProjMav.Testing2" time="0.007" errors="0" timestamp="2023-08-17T10:26:43 EDT" skipped="0">
  <testcase classname="MavPack.ProjMav.Testing2" name="test5" time="0.002"/>
  <testcase classname="MavPack.ProjMav.Testing2" name="test4" time="0.005"/>
</testsuite> <!-- MavPack.ProjMav.Testing2 -->
